<?xml version="1.0" encoding="utf-8"?><testsuites><testsuite errors="0" failures="0" hostname="f285bfb58110" name="pytest" skipped="0" tests="7" time="0.135" timestamp="2025-10-30T18:12:37.924148"><testcase classname="test.rest.api_test.TestApi" name="test_api_add" time="0.005"></testcase><testcase classname="test.rest.api_test.TestApi" name="test_api_divide" time="0.004"></testcase><testcase classname="test.rest.api_test.TestApi" name="test_api_logarithm" time="0.003"></testcase><testcase classname="test.rest.api_test.TestApi" name="test_api_multiply" time="0.003"></testcase><testcase classname="test.rest.api_test.TestApi" name="test_api_power" time="0.004"></testcase><testcase classname="test.rest.api_test.TestApi" name="test_api_sqrt" time="0.003"></testcase><testcase classname="test.rest.api_test.TestApi" name="test_api_substract" time="0.003"></testcase></testsuite></testsuites>